<?xml version="1.0" encoding="UTF-8"?>
<testsuite xmlns:xsi="http://www.w3.org/2001/XMLSchema-instance" xsi:noNamespaceSchemaLocation="https://maven.apache.org/surefire/maven-surefire-plugin/xsd/surefire-test-report-3.0.xsd" version="3.0" name="com.example.payments.PaymentsApplicationTests" time="1.253" tests="1" errors="0" skipped="0" failures="0">
  <properties>
[...]
</properties>
  <testcase name="contextLoads" classname="com.example.payments.PaymentsApplicationTests" time="0.481">
    <system-out><![CDATA[11:44:48.899 [main] INFO org.springframework.test.context.support.AnnotationConfigContextLoaderUtils -- Could not detect default configuration classes for test class [com.example.payments.PaymentsApplicationTests]: PaymentsApplicationTests does not declare any static, non-private, non-final, nested classes annotated with @Configuration.
11:44:48.946 [main] INFO org.springframework.boot.test.context.SpringBootTestContextBootstrapper -- Found @SpringBootConfiguration com.example.payments.PaymentsApplication for test class com.example.payments.PaymentsApplicationTests

  .   ____          _            __ _ _
 /\\ / ___'_ __ _ _(_)_ __  __ _ \ \ \ \
( ( )\___ | '_ | '_| | '_ \/ _` | \ \ \ \
 \\/  ___)| |_)| | | | | || (_| |  ) ) ) )
  '  |____| .__|_| |_|_| |_\__, | / / / /
 =========|_|==============|___/=/_/_/_/
 :: Spring Boot ::                (v3.2.0)

2026-02-20T11:44:49.109+05:30  INFO 26022 --- [payments] [           main] c.e.payments.PaymentsApplicationTests    : Starting PaymentsApplicationTests using Java 17.0.7 with PID 26022 (started by nitinkumar in /Users/nitinkumar/Downloads/payments)
2026-02-20T11:44:49.110+05:30  INFO 26022 --- [payments] [           main] c.e.payments.PaymentsApplicationTests    : No active profile set, falling back to 1 default profile: "default"
2026-02-20T11:44:49.589+05:30  INFO 26022 --- [payments] [           main] c.e.payments.PaymentsApplicationTests    : Started PaymentsApplicationTests in 0.576 seconds (process running for 0.979)
]]></system-out>
  </testcase>
</testsuite>